[12:50:08] [main/INFO] (FabricLoader/GameProvider) Loading Minecraft 1.19.4 with Fabric Loader 0.14.17
[12:50:08] [ForkJoinPool-1-worker-1/WARN] (FabricLoader/Metadata) Mod modid uses the version ${version} which isn't compatible with Loader's extended semantic version format (Could not parse version number component '${version}'!), SemVer is recommended for reliably evaluating dependencies and prioritizing newer version
[12:50:08] [main/INFO] (FabricLoader) Loading 46 mods:
	- fabric-api 0.75.3+1.19.4
	- fabric-api-base 0.4.23+9ff28bced8
	- fabric-api-lookup-api-v1 1.6.24+49abcf7ed8
	- fabric-biome-api-v1 13.0.5+fe9afa9dd8
	- fabric-block-api-v1 1.0.5+e022e5d1d8
	- fabric-blockrenderlayer-v1 1.1.33+c2e6f674d8
	- fabric-client-tags-api-v1 1.0.14+1134c5b8d8
	- fabric-command-api-v2 2.2.4+ae0966bad8
	- fabric-content-registries-v0 3.5.6+ae0966bad8
	- fabric-convention-tags-v1 1.3.0+6baaf971d8
	- fabric-crash-report-info-v1 0.2.14+aeb40ebed8
	- fabric-data-generation-api-v1 11.3.4+5da15ca1d8
	- fabric-dimensions-v1 2.1.44+7f87f8fad8
	- fabric-entity-events-v1 1.5.12+e45f7c65d8
	- fabric-events-interaction-v0 0.4.42+a1ccd7bfd8
	- fabric-game-rule-api-v1 1.0.32+a1ccd7bfd8
	- fabric-gametest-api-v1 1.2.1+ae0966bad8
	- fabric-item-api-v1 2.1.15+ae0966bad8
	- fabric-item-group-api-v1 3.0.2+e45f7c65d8
	- fabric-key-binding-api-v1 1.0.32+c477957ed8
	- fabric-lifecycle-events-v1 2.2.14+5da15ca1d8
	- fabric-loot-api-v2 1.1.24+75e98211d8
	- fabric-message-api-v1 5.1.0+1ee8be40d8
	- fabric-mining-level-api-v1 2.1.36+49abcf7ed8
	- fabric-models-v0 0.3.29+11ba9c3bd8
	- fabric-networking-api-v1 1.2.21+4e68ac5bd8
	- fabric-object-builder-api-v1 7.0.0+63b515f4d8
	- fabric-particles-v1 1.0.22+f1e4495bd8
	- fabric-recipe-api-v1 1.0.5+a1ccd7bfd8
	- fabric-registry-sync-v0 2.1.1+a383ab97d8
	- fabric-renderer-api-v1 2.2.4+81e8c576d8
	- fabric-renderer-indigo 1.1.0+81e8c576d8
	- fabric-rendering-data-attachment-v1 0.3.27+afca2f3ed8
	- fabric-rendering-fluids-v1 3.0.20+f1e4495bd8
	- fabric-rendering-v1 2.0.2+ae0966bad8
	- fabric-resource-conditions-api-v1 2.3.0+e6c7d4eed8
	- fabric-resource-loader-v0 0.10.9+711cde8ad8
	- fabric-screen-api-v1 1.0.44+8c25edb4d8
	- fabric-screen-handler-api-v1 1.3.17+5da15ca1d8
	- fabric-sound-api-v1 1.0.8+75e98211d8
	- fabric-transfer-api-v1 3.0.1+9003cbe9d8
	- fabric-transitive-access-wideners-v1 3.0.2+63b515f4d8
	- fabricloader 0.14.17
	- java 17
	- minecraft 1.19.4
	- modid ${version}
[12:50:08] [main/INFO] (FabricLoader/Mixin) SpongePowered MIXIN Subsystem Version=0.8.5 Source=file:/home/tape/.gradle/caches/modules-2/files-2.1/net.fabricmc/sponge-mixin/0.12.4+mixin.0.8.5/e13b4069fe3555969811d4474f78576c707bbe1c/sponge-mixin-0.12.4+mixin.0.8.5.jar Service=Knot/Fabric Env=CLIENT
[12:50:08] [main/INFO] (FabricLoader/Mixin) Loaded Fabric development mappings for mixin remapper!
[12:50:08] [main/INFO] (FabricLoader/Mixin) Compatibility level set to JAVA_16
[12:50:08] [main/INFO] (FabricLoader/Mixin) Compatibility level set to JAVA_17
[12:50:11] [Datafixer Bootstrap/INFO] (Minecraft) 180 Datafixer optimizations took 74 milliseconds
[12:50:12] [Render thread/INFO] (Minecraft) Environment: authHost='https://authserver.mojang.com', accountsHost='https://api.mojang.com', sessionHost='https://sessionserver.mojang.com', servicesHost='https://api.minecraftservices.com', name='PROD'
[12:50:12] [Render thread/ERROR] (Minecraft) Failed to verify authentication
com.mojang.authlib.exceptions.InvalidCredentialsException: Status: 401
	at com.mojang.authlib.exceptions.MinecraftClientHttpException.toAuthenticationException(MinecraftClientHttpException.java:56) ~[authlib-3.18.38.jar:?]
	at com.mojang.authlib.yggdrasil.YggdrasilUserApiService.fetchProperties(YggdrasilUserApiService.java:156) ~[authlib-3.18.38.jar:?]
	at com.mojang.authlib.yggdrasil.YggdrasilUserApiService.<init>(YggdrasilUserApiService.java:55) ~[authlib-3.18.38.jar:?]
	at com.mojang.authlib.yggdrasil.YggdrasilAuthenticationService.createUserApiService(YggdrasilAuthenticationService.java:161) ~[authlib-3.18.38.jar:?]
	at net.minecraft.client.MinecraftClient.createUserApiService(MinecraftClient.java:712) ~[minecraft-merged-project-root-1.19.4-net.fabricmc.yarn.1_19_4.1.19.4+build.1-v2.jar:?]
	at net.minecraft.client.MinecraftClient.<init>(MinecraftClient.java:506) ~[minecraft-merged-project-root-1.19.4-net.fabricmc.yarn.1_19_4.1.19.4+build.1-v2.jar:?]
	at net.minecraft.client.main.Main.main(Main.java:178) ~[minecraft-merged-project-root-1.19.4-net.fabricmc.yarn.1_19_4.1.19.4+build.1-v2.jar:?]
	at net.fabricmc.loader.impl.game.minecraft.MinecraftGameProvider.launch(MinecraftGameProvider.java:462) ~[fabric-loader-0.14.17.jar:?]
	at net.fabricmc.loader.impl.launch.knot.Knot.launch(Knot.java:74) ~[fabric-loader-0.14.17.jar:?]
	at net.fabricmc.loader.impl.launch.knot.KnotClient.main(KnotClient.java:23) ~[fabric-loader-0.14.17.jar:?]
	at net.fabricmc.devlaunchinjector.Main.main(Main.java:86) ~[dev-launch-injector-0.2.1+build.8.jar:?]
Caused by: com.mojang.authlib.exceptions.MinecraftClientHttpException: Status: 401
	at com.mojang.authlib.minecraft.client.MinecraftClient.readInputStream(MinecraftClient.java:85) ~[authlib-3.18.38.jar:?]
	at com.mojang.authlib.minecraft.client.MinecraftClient.get(MinecraftClient.java:48) ~[authlib-3.18.38.jar:?]
	at com.mojang.authlib.yggdrasil.YggdrasilUserApiService.fetchProperties(YggdrasilUserApiService.java:129) ~[authlib-3.18.38.jar:?]
	... 9 more
[12:50:12] [Render thread/INFO] (Minecraft) Setting user: Player63
[12:50:12] [Render thread/INFO] (mc-music-project) MC Music Project successfully initialized.
[12:50:12] [Render thread/INFO] (Indigo) [Indigo] Registering Indigo renderer!
[12:50:13] [Render thread/INFO] (Minecraft) Backend library: LWJGL version 3.3.1 SNAPSHOT
[12:50:13] [Render thread/WARN] (Minecraft) ERROR : Couldn't load Narrator library
java.lang.UnsatisfiedLinkError: libflite.so.1: cannot open shared object file: No such file or directory
	at com.sun.jna.Native.open(Native Method) ~[jna-5.12.1.jar:5.12.1 (b0)]
	at com.sun.jna.NativeLibrary.loadLibrary(NativeLibrary.java:283) ~[jna-5.12.1.jar:5.12.1 (b0)]
	at com.sun.jna.NativeLibrary.getInstance(NativeLibrary.java:467) ~[jna-5.12.1.jar:5.12.1 (b0)]
	at com.sun.jna.NativeLibrary.getInstance(NativeLibrary.java:409) ~[jna-5.12.1.jar:5.12.1 (b0)]
	at com.mojang.text2speech.NarratorLinux.<clinit>(NarratorLinux.java:18) ~[text2speech-1.13.9.jar:?]
	at com.mojang.text2speech.Narrator.getNarrator(Narrator.java:21) ~[text2speech-1.13.9.jar:?]
	at net.minecraft.client.util.NarratorManager.<init>(NarratorManager.java:33) ~[minecraft-merged-project-root-1.19.4-net.fabricmc.yarn.1_19_4.1.19.4+build.1-v2.jar:?]
	at net.minecraft.client.MinecraftClient.<init>(MinecraftClient.java:636) ~[minecraft-merged-project-root-1.19.4-net.fabricmc.yarn.1_19_4.1.19.4+build.1-v2.jar:?]
	at net.minecraft.client.main.Main.main(Main.java:178) ~[minecraft-merged-project-root-1.19.4-net.fabricmc.yarn.1_19_4.1.19.4+build.1-v2.jar:?]
	at net.fabricmc.loader.impl.game.minecraft.MinecraftGameProvider.launch(MinecraftGameProvider.java:462) ~[fabric-loader-0.14.17.jar:?]
	at net.fabricmc.loader.impl.launch.knot.Knot.launch(Knot.java:74) ~[fabric-loader-0.14.17.jar:?]
	at net.fabricmc.loader.impl.launch.knot.KnotClient.main(KnotClient.java:23) ~[fabric-loader-0.14.17.jar:?]
	at net.fabricmc.devlaunchinjector.Main.main(Main.java:86) ~[dev-launch-injector-0.2.1+build.8.jar:?]
[12:50:13] [Render thread/INFO] (Minecraft) Reloading ResourceManager: vanilla, Fabric Mods (Fabric Key Binding API (v1), Fabric Resource Loader (v0), Fabric Particles (v1), Fabric Object Builder API (v1), Fabric Entity Events (v1), Fabric Screen API (v1), Fabric Dimensions API (v1), Fabric API Lookup API (v1), Fabric Block API (v1), Fabric Registry Sync (v0), Fabric Rendering Data Attachment (v1), Fabric Transitive Access Wideners (v1), Fabric Message API (v1), Fabric Renderer - Indigo, Fabric Sound API (v1), Fabric Rendering (v1), Fabric BlockRenderLayer Registration (v1), Fabric Transfer API (v1), Example Mod, Fabric Lifecycle Events (v1), Fabric Recipe API (v1), Fabric Resource Conditions API (v1), Fabric Client Tags, Fabric Models (v0), Fabric API Base, Fabric API, Fabric Loader, Fabric Item Group API (v1), Fabric Crash Report Info (v1), Fabric Screen Handler API (v1), Fabric Command API (v2), Fabric Renderer API (v1), Fabric Convention Tags, Fabric Events Interaction (v0), Fabric Mining Level API (v1), Fabric Loot API (v2), Fabric Content Registries (v0), Fabric Game Test API (v1), Fabric Game Rule API (v1), Fabric Item API (v1), Fabric Networking API (v1), Fabric Rendering Fluids (v1), Fabric Biome API (v1), Fabric Data Generation API (v1))
[12:50:13] [Render thread/INFO] (mc-music-project) This line is printed by an example mod mixin!
[12:50:14] [Realms Notification Availability checker #1/INFO] (Minecraft) Could not authorize you against Realms server: Invalid session id
[12:50:14] [Render thread/WARN] (Minecraft) Missing sound for event: minecraft:item.brush.brushing
[12:50:14] [Render thread/WARN] (Minecraft) Missing sound for event: minecraft:item.brush.brush_sand_completed
[12:50:14] [Render thread/WARN] (Minecraft) Missing sound for event: minecraft:item.goat_horn.play
[12:50:14] [Render thread/WARN] (Minecraft) Missing sound for event: minecraft:entity.goat.screaming.horn_break
[12:50:14] [Render thread/WARN] (Minecraft) Missing sound for event: minecraft:music.overworld.cherry_grove
[12:50:14] [Render thread/INFO] (Minecraft) OpenAL initialized on device GA106 High Definition Audio Controller Digital Stereo (HDMI 2)
[12:50:14] [Render thread/INFO] (Minecraft) Sound engine started
[12:50:14] [Render thread/INFO] (Minecraft) Created: 1024x512x4 minecraft:textures/atlas/blocks.png-atlas
[12:50:14] [Render thread/INFO] (Minecraft) Created: 256x256x4 minecraft:textures/atlas/signs.png-atlas
[12:50:14] [Render thread/INFO] (Minecraft) Created: 512x512x4 minecraft:textures/atlas/shield_patterns.png-atlas
[12:50:14] [Render thread/INFO] (Minecraft) Created: 512x512x4 minecraft:textures/atlas/banner_patterns.png-atlas
[12:50:14] [Render thread/INFO] (Minecraft) Created: 1024x1024x4 minecraft:textures/atlas/armor_trims.png-atlas
[12:50:14] [Render thread/INFO] (Minecraft) Created: 64x64x4 minecraft:textures/atlas/decorated_pot.png-atlas
[12:50:14] [Render thread/INFO] (Minecraft) Created: 256x256x4 minecraft:textures/atlas/chest.png-atlas
[12:50:14] [Render thread/INFO] (Minecraft) Created: 512x256x4 minecraft:textures/atlas/shulker_boxes.png-atlas
[12:50:14] [Render thread/INFO] (Minecraft) Created: 512x256x4 minecraft:textures/atlas/beds.png-atlas
[12:50:14] [Render thread/WARN] (Minecraft) Shader rendertype_entity_translucent_emissive could not find sampler named Sampler2 in the specified shader program.
[12:50:14] [Render thread/INFO] (Minecraft) Created: 256x256x0 minecraft:textures/atlas/particles.png-atlas
[12:50:14] [Render thread/INFO] (Minecraft) Created: 256x256x0 minecraft:textures/atlas/paintings.png-atlas
[12:50:14] [Render thread/INFO] (Minecraft) Created: 128x128x0 minecraft:textures/atlas/mob_effects.png-atlas
[12:50:14] [Render thread/INFO] (mc-music-project) This line is printed by an example mod mixin!
[12:52:38] [Render thread/INFO] (Minecraft) Loaded 7 recipes
[12:52:38] [Render thread/INFO] (Minecraft) Loaded 1179 advancements
[12:52:46] [Render thread/INFO] (BiomeModificationImpl) Applied 0 biome modifications to 0 of 63 new biomes in 1.973 ms
[12:52:46] [Server thread/INFO] (Minecraft) Starting integrated minecraft server version 1.19.4
[12:52:46] [Server thread/INFO] (Minecraft) Generating keypair
[12:52:49] [Server thread/INFO] (Minecraft) Preparing start region for dimension minecraft:overworld
[12:52:50] [Render thread/INFO] (Minecraft) Preparing spawn area: 0%
[12:52:50] [Render thread/INFO] (Minecraft) Preparing spawn area: 0%
[12:52:51] [Render thread/INFO] (Minecraft) Preparing spawn area: 0%
[12:52:51] [Render thread/INFO] (Minecraft) Preparing spawn area: 1%
[12:52:52] [Render thread/INFO] (Minecraft) Preparing spawn area: 3%
[12:52:52] [Render thread/INFO] (Minecraft) Preparing spawn area: 6%
[12:52:53] [Render thread/INFO] (Minecraft) Preparing spawn area: 10%
[12:52:53] [Render thread/INFO] (Minecraft) Preparing spawn area: 13%
[12:52:54] [Render thread/INFO] (Minecraft) Preparing spawn area: 17%
[12:52:54] [Render thread/INFO] (Minecraft) Preparing spawn area: 22%
[12:52:55] [Render thread/INFO] (Minecraft) Preparing spawn area: 25%
[12:52:55] [Render thread/INFO] (Minecraft) Preparing spawn area: 30%
[12:52:56] [Render thread/INFO] (Minecraft) Preparing spawn area: 34%
[12:52:56] [Render thread/INFO] (Minecraft) Preparing spawn area: 39%
[12:52:57] [Render thread/INFO] (Minecraft) Preparing spawn area: 45%
[12:52:57] [Render thread/INFO] (Minecraft) Preparing spawn area: 50%
[12:52:58] [Render thread/INFO] (Minecraft) Preparing spawn area: 55%
[12:52:58] [Render thread/INFO] (Minecraft) Preparing spawn area: 60%
[12:52:59] [Render thread/INFO] (Minecraft) Preparing spawn area: 65%
[12:52:59] [Render thread/INFO] (Minecraft) Preparing spawn area: 70%
[12:53:00] [Render thread/INFO] (Minecraft) Preparing spawn area: 75%
[12:53:00] [Render thread/INFO] (Minecraft) Preparing spawn area: 81%
[12:53:01] [Render thread/INFO] (Minecraft) Preparing spawn area: 87%
[12:53:01] [Render thread/INFO] (Minecraft) Preparing spawn area: 92%
[12:53:02] [Render thread/INFO] (Minecraft) Preparing spawn area: 98%
[12:53:02] [Render thread/INFO] (Minecraft) Time elapsed: 12058 ms
[12:53:02] [Server thread/INFO] (Minecraft) Changing view distance to 12, from 10
[12:53:02] [Server thread/INFO] (Minecraft) Changing simulation distance to 12, from 0
[12:53:02] [Server thread/INFO] (Minecraft) Player63[local:E:6727ff19] logged in with entity id 307 at (4.5, 105.0, 5.5)
[12:53:02] [Server thread/INFO] (Minecraft) Player63 joined the game
[12:53:02] [Render thread/INFO] (Minecraft) Loaded 2 advancements
[12:53:05] [Server thread/INFO] (Minecraft) Saving and pausing game...
[12:53:05] [Server thread/INFO] (Minecraft) Saving chunks for level 'ServerLevel[New World]'/minecraft:overworld
[12:53:05] [Server thread/INFO] (Minecraft) Saving chunks for level 'ServerLevel[New World]'/minecraft:the_end
[12:53:05] [Server thread/INFO] (Minecraft) Saving chunks for level 'ServerLevel[New World]'/minecraft:the_nether
[12:53:06] [Server thread/INFO] (Minecraft) Player63 lost connection: Disconnected
[12:53:06] [Server thread/INFO] (Minecraft) Player63 left the game
[12:53:06] [Server thread/INFO] (Minecraft) Stopping singleplayer server as player logged out
[12:53:06] [Server thread/INFO] (Minecraft) Stopping server
[12:53:06] [Server thread/INFO] (Minecraft) Saving players
[12:53:06] [Server thread/INFO] (Minecraft) Saving worlds
[12:53:07] [Server thread/INFO] (Minecraft) Saving chunks for level 'ServerLevel[New World]'/minecraft:overworld
[12:53:07] [Server thread/INFO] (Minecraft) Saving chunks for level 'ServerLevel[New World]'/minecraft:the_end
[12:53:07] [Server thread/INFO] (Minecraft) Saving chunks for level 'ServerLevel[New World]'/minecraft:the_nether
[12:53:07] [Server thread/INFO] (Minecraft) ThreadedAnvilChunkStorage (New World): All chunks are saved
[12:53:07] [Server thread/INFO] (Minecraft) ThreadedAnvilChunkStorage (DIM1): All chunks are saved
[12:53:07] [Server thread/INFO] (Minecraft) ThreadedAnvilChunkStorage (DIM-1): All chunks are saved
[12:53:07] [Server thread/INFO] (Minecraft) ThreadedAnvilChunkStorage: All dimensions are saved
[12:53:07] [Render thread/INFO] (mc-music-project) This line is printed by an example mod mixin!
[12:53:32] [Render thread/INFO] (Minecraft) Stopping!
